
ROM used:   1425/8192 (17%)
            1425/8192 (17%) including unused fragments

            0.3 Average locations per line
            1.8 Average locations per statement

RAM used:   58/368 (16%) at main() level
            78/368 (21%) worst case

Stack used: 0 worst case (0 in main + 0 for interrupts)
Stack size: 8

Lines Stmts  %   Files
----- ----- ---  -----
  200   121  15  main.c
  672     0   0  ..\Devices\16F877A.h
  146    75   9  ..\Drivers\lcd_i2c.c
  423     0   0  ..\Drivers\string.h
   32     0   0  ..\Drivers\stddef.h
   28     0   0  ..\Drivers\ctype.h
 2229   257  32  ..\Drivers\math.h
 1351   359  44  ..\Drivers\stdlib.h
----- -----
 5081   812 Total

Page ROM  %  RAM    Vol Diff  Functions:
---- --- --- ---    --- ----  ----------
0     74   5    1             @I2C_WRITE_1
0     21   1    1             @delay_ms1
0     78   5    3    574  5.9  i2c_send_nibble
0     67   5    3    149  2.8  lcd_send_byte
0     10   1    0     61  1.9  lcd_clear
0      8   1    0             @const621
0    109   8    2    785  5.6  lcd_init
0     55   4    7    650  8.0  lcd_gotoxy
0     37   3    1    403  4.4  lcd_putc
0     63   4   10             @FLT
0     29   2    2             @ITOF
0     37   3    2             @MUL88
 Inline         0    106  1.3  start_signal
 Inline         0    127  2.5  check_response
0     77   5    4    705  7.7  Read_Data
0    191  13    1   1157  6.7  read_dht11
0      5   0    0             @const1054
0     86   6    4             @PSTRINGC7_630
0     21   1    3             @DIV88
0    293  21    6   1536  7.4  MAIN
0     22   2    2             @PSTRINGR_630
0    130   9    9             @PRINTF_LD_630
0      4   0    0             @const1070
0      4   0    0             @const1072
 Inline         0             @cinit1

Program metrics:
    Functions               11
    Statements              812
    Comments                947
    Volume (V)              9507
    Difficulty (D)          54.1
    Effort to implement (E) 514306
    Time to implement (T)   7 hours, 56 minutes
    Est Delivered Bugs (B)  2
    Cyclomatic Complexity   31
    Maintainability (MI)    114

 Segment     Used  Free
-----------  ----  ----
00000-00003     4  0  
00004-007FF  1421  623  
00800-00FFF     0  2048  
01000-017FF     0  2048  
01800-01FFF     0  2048  



